C:\USERS\KANGGEON\DESKTOP\USC\RESEARCH\CODES\CLM\CLM_FRAMEWORK_V0.9 - JANUS\CLM_FRAMEWORK_V0.9\DEBUG\CLM.LIB
C:\USERS\KANGGEON\DESKTOP\USC\RESEARCH\CODES\CLM\CLM_FRAMEWORK_V0.9 - JANUS\CLM_FRAMEWORK_V0.9\LIB\LOCAL\CLM\DEBUG\CCNF_PATCH_EXPERT.OBJ
C:\Users\KangGeon\Desktop\USC\Research\Codes\CLM\CLM_framework_v0.9 - Janus\CLM_framework_v0.9\lib\local\CLM\Debug\cl.command.1.tlog
C:\Users\KangGeon\Desktop\USC\Research\Codes\CLM\CLM_framework_v0.9 - Janus\CLM_framework_v0.9\lib\local\CLM\Debug\CL.read.1.tlog
C:\Users\KangGeon\Desktop\USC\Research\Codes\CLM\CLM_framework_v0.9 - Janus\CLM_framework_v0.9\lib\local\CLM\Debug\CL.write.1.tlog
C:\USERS\KANGGEON\DESKTOP\USC\RESEARCH\CODES\CLM\CLM_FRAMEWORK_V0.9 - JANUS\CLM_FRAMEWORK_V0.9\LIB\LOCAL\CLM\DEBUG\CLM.OBJ
C:\Users\KangGeon\Desktop\USC\Research\Codes\CLM\CLM_framework_v0.9 - Janus\CLM_framework_v0.9\lib\local\CLM\Debug\CLM.vcxprojResolveAssemblyReference.cache
C:\Users\KangGeon\Desktop\USC\Research\Codes\CLM\CLM_framework_v0.9 - Janus\CLM_framework_v0.9\lib\local\CLM\Debug\CLM.write.1.tlog
C:\USERS\KANGGEON\DESKTOP\USC\RESEARCH\CODES\CLM\CLM_FRAMEWORK_V0.9 - JANUS\CLM_FRAMEWORK_V0.9\LIB\LOCAL\CLM\DEBUG\CLM_UTILS.OBJ
C:\USERS\KANGGEON\DESKTOP\USC\RESEARCH\CODES\CLM\CLM_FRAMEWORK_V0.9 - JANUS\CLM_FRAMEWORK_V0.9\LIB\LOCAL\CLM\DEBUG\CLMTRACKER.OBJ
C:\USERS\KANGGEON\DESKTOP\USC\RESEARCH\CODES\CLM\CLM_FRAMEWORK_V0.9 - JANUS\CLM_FRAMEWORK_V0.9\LIB\LOCAL\CLM\DEBUG\DETECTIONVALIDATOR.OBJ
C:\Users\KangGeon\Desktop\USC\Research\Codes\CLM\CLM_framework_v0.9 - Janus\CLM_framework_v0.9\lib\local\CLM\Debug\lib.command.1.tlog
C:\Users\KangGeon\Desktop\USC\Research\Codes\CLM\CLM_framework_v0.9 - Janus\CLM_framework_v0.9\lib\local\CLM\Debug\Lib-link.read.1.tlog
C:\Users\KangGeon\Desktop\USC\Research\Codes\CLM\CLM_framework_v0.9 - Janus\CLM_framework_v0.9\lib\local\CLM\Debug\Lib-link.write.1.tlog
C:\USERS\KANGGEON\DESKTOP\USC\RESEARCH\CODES\CLM\CLM_FRAMEWORK_V0.9 - JANUS\CLM_FRAMEWORK_V0.9\LIB\LOCAL\CLM\DEBUG\PATCH_EXPERTS.OBJ
C:\USERS\KANGGEON\DESKTOP\USC\RESEARCH\CODES\CLM\CLM_FRAMEWORK_V0.9 - JANUS\CLM_FRAMEWORK_V0.9\LIB\LOCAL\CLM\DEBUG\PAW.OBJ
C:\USERS\KANGGEON\DESKTOP\USC\RESEARCH\CODES\CLM\CLM_FRAMEWORK_V0.9 - JANUS\CLM_FRAMEWORK_V0.9\LIB\LOCAL\CLM\DEBUG\PDM.OBJ
C:\USERS\KANGGEON\DESKTOP\USC\RESEARCH\CODES\CLM\CLM_FRAMEWORK_V0.9 - JANUS\CLM_FRAMEWORK_V0.9\LIB\LOCAL\CLM\DEBUG\SVR_PATCH_EXPERT.OBJ
C:\Users\KangGeon\Desktop\USC\Research\Codes\CLM\CLM_framework_v0.9 - Janus\CLM_framework_v0.9\lib\local\CLM\Debug\vc100.idb
C:\USERS\KANGGEON\DESKTOP\USC\RESEARCH\CODES\CLM\CLM_FRAMEWORK_V0.9 - JANUS\CLM_FRAMEWORK_V0.9\LIB\LOCAL\CLM\DEBUG\VC100.PDB
